Run options: include {:focus=>true}

All examples were filtered out; ignoring {:focus=>true}
spec/controllers/cases_controller/execute_extend_for_pit_spec.rb:4.490252
spec/controllers/cases_controller/extend_for_pit_spec.rb:1.254583
spec/controllers/messages_controller_spec.rb:10.538018
spec/controllers/stats_controller/create_custom_report_spec.rb:2.770998
spec/controllers/teams_controller/destroy_spec.rb:1.844377
spec/decorators/case/base_decorator_spec.rb:16.28136
spec/decorators/case_link_decorator_spec.rb:0.182734
spec/features/admin/business_units_spec.rb:6.101453
spec/features/cases/foi/case_assigning_spec.rb:5.429599
spec/features/cases/foi/case_closing_spec.rb:30.036873
spec/features/cases/foi/case_filtering_spec.rb:13.852418
spec/features/cases/foi/case_listing/open_late_cases_spec.rb:14.625645
spec/features/cases/foi/case_listing/pagination_spec.rb:8.453262
spec/features/cases/foi/case_reassign_user/reassign_user_spec.rb:13.253309
spec/features/cases/foi/case_search_spec.rb:4.313153
spec/features/cases/foi/case_viewing/message_notifications_spec.rb:5.368502
spec/features/cases/foi/case_viewing/removing_response_spec.rb:21.796229
spec/features/common/feedback_spec.rb:1.658114
spec/features/common/sign_in_spec.rb:3.044317
spec/features/user_journeys/foi/compliance_review_trigger_e2e_spec.rb:39.113826
spec/features/user_journeys/foi/managing_business_unit_spec.rb:1.567807
spec/helpers/cases_helper_spec.rb:4.975238
spec/integration/state_machine_event_transitions_spec.rb:0.106526
spec/lib/events_spec.rb:0.106877
spec/lib/extensions/enumerable_spec.rb:0.006585
spec/lib/host_env_spec.rb:0.060771
spec/mailers/devise_mailer_spec.rb:0.416263
spec/models/case/base_spec.rb:67.810815
spec/models/case/foi/timeliness_review_spec.rb:1.559427
spec/models/case_closure/exemption_spec.rb:0.236838
spec/models/cases_users_transitions_tracker_spec.rb:5.976726
spec/models/correspondence_type_spec.rb:0.141178
spec/models/feedback_spec.rb:0.146697
spec/models/team_spec.rb:6.086597
spec/models/teams_users_role_spec.rb:0.182552
spec/models/user_spec.rb:9.873229
spec/policies/assignment_policy_spec.rb:7.032833
spec/policies/case_policy_spec.rb:10.884525
spec/routing/cases_routes_spec.rb:0.698407
spec/services/bypass_params_manager_spec.rb:0.020707
spec/services/case_extend_for_pit_service_spec.rb:11.129035
spec/services/case_finder_service_spec.rb:10.428846
spec/services/global_nav_manager/page_spec.rb:2.482699
spec/services/notify_responder_service_spec.rb:1.4191
spec/services/request_further_clearance_service_spec.rb:9.308545
spec/services/stats/r002_appeals_performance_report_spec.rb:15.777426
spec/services/stats/r004_cabinet_office_report_spec.rb:103.006684
spec/services/team_deletion_service_spec.rb:0.823826
spec/services/user_creation_service_spec.rb:2.11608
spec/services/user_deletion_service_spec.rb:3.247655
spec/state_machines/cases/foi_state_machine_spec.rb:32.248413
spec/state_machines/configurable_state_machine/invalid_event_error_spec.rb:0.24349
spec/views/cases/_clearance_copy_html_slim_spec.rb:4.431205
spec/views/cases/confirm_destroy_html_slim_spec.rb:0.939875
spec/views/stats/index_html_slim_spec.rb:0.045781
spec/views/teams/new_html_slim_spec.rb:1.233383
spec/views/users/index_html_slim_spec.rb:0.460153
Run options: include {:focus=>true}

All examples were filtered out; ignoring {:focus=>true}
spec/controllers/assignments_controller/execute_reassign_user_spec.rb:2.515528
spec/controllers/case_attachments_controller_spec.rb:5.657344
spec/controllers/cases_controller/execute_new_link_spec.rb:1.52419
spec/controllers/cases_controller/new_spec.rb:1.181043
spec/controllers/cases_controller/request_further_clearance_spec.rb:2.732418
spec/controllers/feedback_controller_spec.rb:0.391582
spec/controllers/stats_controller/download_custom_report_spec.rb:0.648993
spec/controllers/stats_controller/download_spec.rb:3.540896
spec/controllers/stats_controller/index_spec.rb:0.709655
spec/controllers/teams_controller_spec.rb:14.124148
spec/controllers/users_controller_spec.rb:9.598743
spec/decorators/case/sar_decorator_spec.rb:0.094436
spec/decorators/case_transition_decorator_spec.rb:5.51613
spec/decorators/foi_timeliness_review_spec.rb:0.247114
spec/features/admin/deactivating_users_spec.rb:2.680369
spec/features/cases/foi/case_listing/incoming_cases_spec.rb:9.162083
spec/features/cases/foi/case_responding/mark_as_sent_spec.rb:6.565736
spec/features/cases/foi/case_viewing/viewing_response_details_spec.rb:9.27925
spec/features/cases/foi/editing_case_spec.rb:4.952301
spec/features/cases/sar/case_viewing_spec.rb:5.043954
spec/features/common/sign_out_spec.rb:0.966596
spec/features/user_journeys/foi/downloading_stats_spec.rb:5.531643
spec/features/user_journeys/sar/non_trigger_spec.rb:6.412891
spec/helpers/assignments_helper_spec.rb:1.88273
spec/helpers/teams_helper_spec.rb:0.009938
spec/jobs/report_generator_job_spec.rb:0.286872
spec/models/case/foi/compliance_review_spec.rb:0.809084
spec/models/case_attachment_spec.rb:5.123151
spec/models/case_closure/outcome_spec.rb:0.052783
spec/models/case_closure/refusal_reason_spec.rb:0.144013
spec/models/case_number_counter_spec.rb:0.036605
spec/models/case_transition_spec.rb:5.910055
spec/models/concerns/case_states_spec.rb:9.062174
spec/policies/cases/base_policy_spec.rb:358.678821
spec/policies/team_policy_spec.rb:4.836403
spec/policies/user_policy_spec.rb:0.514292
spec/routing/application_routes_spec.rb:0.53734
spec/services/assign_new_team_service_spec.rb:7.5837
spec/services/case_create_service_spec.rb:4.297479
spec/services/deadline_calculator/business_days_spec.rb:1.255631
spec/services/notify_new_assignment_servcie_spec.rb:0.323198
spec/services/response_uploader_service_spec.rb:10.129778
spec/services/state_selector_spec.rb:0.02036
spec/services/stats/r006_kilo_map_spec.rb:0.080707
spec/state_machines/configurable_state_machine/machine_spec.rb:8.036959
spec/state_machines/configurable_state_machine/manager_spec.rb:0.242435
spec/views/cases/_what_do_you_want_to_do_html_slim_spec.rb:2.115055
spec/views/cases/new_case_link_html_slim_spec.rb:0.356503
spec/views/layouts/_global_nav_html_slim_spec.rb:0.071796
spec/views/teams/show_html_slim_spec.rb:6.563904
Run options: include {:focus=>true}

All examples were filtered out; ignoring {:focus=>true}
spec/controllers/assignments_controller/reassign_user_spec.rb:3.272074
spec/controllers/cases_controller/destroy_spec.rb:1.29537
spec/controllers/cases_controller/execute_response_approval_spec.rb:3.331526
spec/controllers/cases_controller/show_spec.rb:28.654621
spec/controllers/cases_controller/state_filter_spec.rb:0.83519
spec/controllers/cases_controller_spec.rb:76.706453
spec/controllers/heartbeat_controller_spec.rb:0.041606
spec/controllers/stats_controller/custom_spec.rb:1.208292
spec/decorators/foi_compliance_review_spec.rb:0.180446
spec/decorators/user_decorator_spec.rb:2.355945
spec/features/admin/add_information_officer_spec.rb:2.713507
spec/features/admin/cases/adding_cases_spec.rb:23.604797
spec/features/cases/foi/case_approvals/disclosure_specialist_approval_spec.rb:61.114964
spec/features/cases/foi/case_approvals/press_office_approvals_spec.rb:17.077114
spec/features/cases/foi/case_creating/creating_spec.rb:7.664716
spec/features/cases/foi/case_listing/open_in_time_cases_spec.rb:16.483349
spec/features/cases/foi/case_responding/upload_response_spec.rb:6.640585
spec/features/cases/foi/case_viewing/viewing_spec.rb:12.039034
spec/features/cases/sar/case_creating/creating_spec.rb:5.257078
spec/features/cases/sar/case_search_spec.rb:7.976938
spec/features/cases/sar/sar_closing_spec.rb:14.867596
spec/features/user_journeys/foi/non_trigger_e2e_spec.rb:33.451669
spec/jobs/pdf_maker_job_spec.rb:0.016191
spec/lib/event_transitions_spec.rb:0.150803
spec/models/business_unit_spec.rb:6.475202
spec/models/case/sar_spec.rb:4.499865
spec/models/report_type_spec.rb:0.04479
spec/models/team_correspondence_type_role_spec.rb:1.819784
spec/models/team_property_spec.rb:0.120703
spec/services/case_accept_approver_assignment_service_spec.rb:4.988479
spec/services/case_flag_for_clearance_service_spec.rb:35.262015
spec/services/case_linking_service_spec.rb:10.078637
spec/services/case_unaccept_approver_assignment_service_spec.rb:54.220335
spec/services/global_nav_manager/tab_spec.rb:0.021604
spec/services/next_step_info_spec.rb:18.09379
spec/services/stats/r005_monthly_performance_report_spec.rb:7.066517
spec/services/user_reassignment_service_spec.rb:8.569059
spec/state_machines/configurable_state_machine/config_validator_spec.rb:0.261086
spec/state_machines/foi_permitted_events_spec.rb:12.257444
spec/state_machines/sar_permitted_events_spec.rb:10.033202
spec/validators/closed_case_validator_spec.rb:11.162577
spec/views/assignments/edit_page_spec.rb:2.599478
spec/views/assignments/new_page_spec.rb:2.119421
spec/views/assignments/reassign_user_page_spec.rb:0.626298
spec/views/assignments/show_rejected_page_spec.rb:1.319779
spec/views/cases/_case_details_html_slim_spec.rb:3.950409
spec/views/cases/_case_history_html_slim_spec.rb:0.09191
spec/views/cases/closed_cases_html_slim_spec.rb:1.954299
spec/views/cases/edit_html_slim_spec.rb:1.264312
spec/views/cases/incoming_cases_html_slim_spec.rb:3.522237
spec/views/cases/index_html_slim_spec.rb:11.175351
spec/views/cases/new_html_slim_spec.rb:0.19343
spec/views/cases/sar/_case_details_html_slim_spec.rb:1.132263
spec/views/cases/show_html_slim_spec.rb:12.519292
spec/views/layouts/_header_html_slim_spec.rb:0.016914
spec/views/stats/custom_html_slim_spec.rb:0.044362
spec/views/teams/edit_html_slim_spec.rb:0.745656
spec/views/users/new_html_slim_spec.rb:0.263865
Run options: include {:focus=>true}

All examples were filtered out; ignoring {:focus=>true}
spec/controllers/admin/cases_controller_spec.rb:0.321107
spec/controllers/assignments_controller/assign_to_team_spec.rb:3.841102
spec/controllers/assignments_controller/new_spec.rb:3.134986
spec/controllers/assignments_controller_spec.rb:37.075054
spec/controllers/cases_controller/confirm_destroy_spec.rb:1.240301
spec/controllers/cases_controller/execute_request_amends_spec.rb:5.258436
spec/controllers/cases_controller/new_link_spec.rb:0.697218
spec/controllers/cases_controller/request_amends_spec.rb:4.243437
spec/controllers/cases_controller/unflag_for_clearance_spec.rb:6.428482
spec/decorators/case_extend_for_pit_decorator_spec.rb:0.526362
spec/factory_specs/business_unit_factory_spec.rb:0.602703
spec/features/cases/foi/case_approvals/private_office_approvals_spec.rb:21.255974
spec/features/cases/foi/case_assignment_responding_spec.rb:9.827704
spec/features/cases/foi/case_extend_for_pit_spec.rb:2.803819
spec/features/cases/foi/case_request_further_clearance_spec.rb:4.061566
spec/features/cases/foi/case_viewing/downloading_response_spec.rb:6.234432
spec/features/cases/foi/link_a_case_spec.rb:6.992337
spec/features/common/primary_navigation_spec.rb:8.525478
spec/features/user_journeys/foi/compliance_review_non_trigger_e2e_spec.rb:23.18007
spec/features/user_journeys/foi/trigger_e2e_spec.rb:53.917448
spec/i18n_spec.rb:149.466871
spec/lib/feature_set_spec.rb:0.032792
spec/lib/permitted_events_spec.rb:48.849208
spec/mailers/action_notifications_mailer_spec.rb:22.342207
spec/models/assignment_spec.rb:23.15175
spec/models/business_group_spec.rb:0.031085
spec/models/case/foi/standard_spec.rb:0.104261
spec/models/case/foi_spec.rb:1.483419
spec/models/case_attachment_upload_group_collection_spec.rb:3.035167
spec/models/case_attachment_upload_group_spec.rb:2.569719
spec/models/case_closure/info_held_status_spec.rb:0.064027
spec/models/case_extensions_spec.rb:5.704982
spec/models/directorate_spec.rb:0.04002
spec/models/report_spec.rb:0.425988
spec/policies/cases/sar_policy_spec.rb:6.84713
spec/policies/cases/standard_policy_spec.rb:19.016614
spec/policies/predicates_spec.rb:1.420911
spec/services/case_approval_service_spec.rb:19.176635
spec/services/case_assign_responder_service_spec.rb:5.314082
spec/services/case_deletion_service_spec.rb:3.104869
spec/services/case_unflag_for_clearance_service_spec.rb:6.114694
spec/services/case_updater_service_spec.rb:4.242101
spec/services/current_team_and_user_service_spec.rb:10.168375
spec/services/deadline_calculator/calendar_days_spec.rb:0.452203
spec/services/default_team_service_spec.rb:1.293308
spec/services/global_nav_manager_spec.rb:0.770265
spec/services/s3_uploader_spec.rb:4.270689
spec/services/stats/base_report_spec.rb:0.008727
spec/services/stats/case_selector_spec.rb:10.393247
spec/services/stats/r003_business_unit_performance_report_spec.rb:8.199395
spec/services/stats/stats_collector_spec.rb:0.03503
spec/views/cases/_case_request_html_slim_spec.rb:0.90452
spec/views/cases/_case_status_html_slim_spec.rb:0.116373
spec/views/cases/_clearance_levels_html_slim_spec.rb:3.468073
spec/views/cases/_linked_cases_html_slim_spec.rb:0.060235
spec/views/cases/respond_html_slim_spec.rb:0.354653
spec/views/cases/sar/_new_html_slim_spec.rb:0.001471
spec/views/teams/index_html_slim_spec.rb:0.257232
