Run options: include {:focus=>true}

All examples were filtered out; ignoring {:focus=>true}
spec/controllers/cases_controller/destroy_case_link_spec.rb:2.076176
spec/controllers/cases_controller/new_spec.rb:1.642964
spec/decorators/foi_compliance_review_spec.rb:0.346423
spec/decorators/foi_timeliness_review_spec.rb:0.230294
spec/decorators/user_decorator_spec.rb:2.357634
spec/factory_specs/business_unit_factory_spec.rb:0.751771
spec/features/admin/add_information_officer_spec.rb:2.422594
spec/features/cases/foi/case_listing/pagination_spec.rb:10.718482
spec/features/cases/foi/case_reassign_user/reassign_user_spec.rb:13.288798
spec/features/cases/foi/case_request_further_clearance_spec.rb:4.879888
spec/features/cases/foi/link_a_case_spec.rb:6.473693
spec/helpers/cases_helper_spec.rb:4.9141
spec/i18n_spec.rb:120.306021
spec/jobs/report_generator_job_spec.rb:0.357085
spec/lib/events_spec.rb:0.053142
spec/models/case/sar_spec.rb:3.033587
spec/models/case_attachment_upload_group_spec.rb:1.995276
spec/policies/assignment_policy_spec.rb:5.533171
spec/policies/case_policy_spec.rb:10.321425
spec/policies/cases/standard_policy_spec.rb:15.17252
spec/policies/team_policy_spec.rb:4.445203
spec/routing/cases_routes_spec.rb:0.954939
spec/services/state_selector_spec.rb:0.047755
spec/services/stats/r005_monthly_performance_report_spec.rb:6.184068
spec/services/stats/stats_collector_spec.rb:0.031727
spec/views/cases/_case_details_html_slim_spec.rb:4.013439
spec/views/cases/_what_do_you_want_to_do_html_slim_spec.rb:1.778944
spec/views/cases/respond_html_slim_spec.rb:0.750495
spec/views/cases/sar/_new_html_slim_spec.rb:0.002865
spec/views/layouts/_global_nav_html_slim_spec.rb:0.079233
Run options: include {:focus=>true}

All examples were filtered out; ignoring {:focus=>true}
spec/controllers/case_attachments_controller_spec.rb:7.424051
spec/controllers/cases_controller/destroy_spec.rb:1.431932
spec/controllers/cases_controller/execute_response_approval_spec.rb:4.243619
spec/controllers/cases_controller/new_link_spec.rb:0.973541
spec/controllers/cases_controller_spec.rb:84.314583
spec/controllers/stats_controller/create_custom_report_spec.rb:3.309853
spec/controllers/stats_controller/download_spec.rb:3.676228
spec/controllers/teams_controller_spec.rb:16.139874
spec/decorators/case/base_decorator_spec.rb:17.941573
spec/decorators/case_link_decorator_spec.rb:0.161263
spec/decorators/case_transition_decorator_spec.rb:5.190482
spec/features/admin/deactivating_teams_spec.rb:2.203337
spec/features/common/primary_navigation_spec.rb:6.384351
spec/features/user_journeys/foi/compliance_review_non_trigger_e2e_spec.rb:23.975875
spec/mailers/devise_mailer_spec.rb:0.42722
spec/models/business_unit_spec.rb:11.435974
spec/models/case/foi/compliance_review_spec.rb:0.183199
spec/models/case/foi/standard_spec.rb:0.085534
spec/models/case_attachment_spec.rb:4.79411
spec/models/case_closure/outcome_spec.rb:0.0566
spec/models/feedback_spec.rb:0.021397
spec/models/team_correspondence_type_role_spec.rb:1.43536
spec/policies/cases/sar_policy_spec.rb:5.815297
spec/services/case_finder_service_spec.rb:9.880916
spec/services/deadline_calculator/calendar_days_spec.rb:0.708262
spec/services/global_nav_manager/tab_spec.rb:0.028728
spec/views/assignments/show_rejected_page_spec.rb:1.303166
spec/views/cases/_clearance_levels_html_slim_spec.rb:4.790768
spec/views/cases/_linked_cases_html_slim_spec.rb:0.115878
spec/views/cases/index_html_slim_spec.rb:17.037192
spec/views/users/index_html_slim_spec.rb:0.387876
Run options: include {:focus=>true}

All examples were filtered out; ignoring {:focus=>true}
spec/controllers/admin/cases_controller_spec.rb:0.285243
spec/controllers/cases_controller/request_amends_spec.rb:5.083968
spec/controllers/users_controller_spec.rb:11.218003
spec/features/cases/foi/case_assigning_spec.rb:6.657751
spec/features/cases/foi/case_closing_spec.rb:34.862246
spec/features/cases/foi/case_creating/creating_spec.rb:7.308645
spec/features/cases/foi/case_listing/incoming_cases_spec.rb:8.54242
spec/features/cases/foi/case_listing/open_in_time_cases_spec.rb:17.090282
spec/features/cases/sar/case_search_spec.rb:4.263531
spec/features/common/sign_out_spec.rb:0.920599
spec/features/user_journeys/foi/non_trigger_e2e_spec.rb:22.369829
spec/features/user_journeys/foi/trigger_e2e_spec.rb:54.266595
spec/integration/state_machine_event_transitions_spec.rb:0.109187
spec/jobs/pdf_maker_job_spec.rb:0.01842
spec/lib/host_env_spec.rb:0.051628
spec/mailers/action_notifications_mailer_spec.rb:13.885554
spec/models/case_extensions_spec.rb:4.307737
spec/models/correspondence_type_spec.rb:0.072723
spec/models/directorate_spec.rb:0.038207
spec/models/report_spec.rb:0.284044
spec/services/case_create_service_spec.rb:3.841848
spec/services/case_deletion_service_spec.rb:2.219647
spec/services/global_nav_manager/page_spec.rb:3.230915
spec/services/global_nav_manager_spec.rb:1.384156
spec/services/request_further_clearance_service_spec.rb:6.168738
spec/services/s3_uploader_spec.rb:8.025078
spec/services/stats/r002_appeals_performance_report_spec.rb:10.817168
spec/services/user_deletion_service_spec.rb:3.803698
spec/views/assignments/edit_page_spec.rb:1.762293
spec/views/cases/closed_cases_html_slim_spec.rb:1.769711
spec/views/cases/confirm_destroy_html_slim_spec.rb:0.699131
spec/views/cases/edit_html_slim_spec.rb:0.890259
spec/views/cases/new_html_slim_spec.rb:0.253731
Run options: include {:focus=>true}

All examples were filtered out; ignoring {:focus=>true}
spec/controllers/cases_controller/execute_extend_for_pit_spec.rb:5.067759
spec/controllers/cases_controller/execute_request_amends_spec.rb:6.033443
spec/controllers/cases_controller/extend_for_pit_spec.rb:1.710816
spec/controllers/messages_controller_spec.rb:12.596512
spec/decorators/case/sar_decorator_spec.rb:0.094366
spec/decorators/case_extend_for_pit_decorator_spec.rb:0.79708
spec/features/admin/deactivating_users_spec.rb:3.642441
spec/features/cases/foi/case_approvals/disclosure_specialist_approval_spec.rb:64.702071
spec/features/cases/foi/case_listing/open_late_cases_spec.rb:14.771243
spec/features/cases/foi/case_responding/mark_as_sent_spec.rb:6.68751
spec/features/cases/foi/case_viewing/removing_response_spec.rb:20.326545
spec/features/cases/foi/case_viewing/viewing_response_details_spec.rb:8.380867
spec/features/common/feedback_spec.rb:1.816771
spec/features/common/sign_in_spec.rb:2.641793
spec/helpers/teams_helper_spec.rb:0.007509
spec/lib/event_transitions_spec.rb:0.145259
spec/lib/feature_set_spec.rb:0.030122
spec/models/assignment_spec.rb:14.433182
spec/models/business_group_spec.rb:0.024679
spec/models/case/foi_spec.rb:1.045245
spec/models/concerns/case_states_spec.rb:9.643348
spec/models/teams_users_role_spec.rb:0.172014
spec/services/case_linking_service_spec.rb:9.252866
spec/services/case_unaccept_approver_assignment_service_spec.rb:36.528134
spec/services/case_unflag_for_clearance_service_spec.rb:4.590199
spec/services/case_updater_service_spec.rb:3.534498
spec/services/deadline_calculator/business_days_spec.rb:1.084653
spec/services/default_team_service_spec.rb:1.989664
spec/services/notify_new_assignment_servcie_spec.rb:0.324013
spec/services/user_reassignment_service_spec.rb:6.811829
spec/views/cases/_case_history_html_slim_spec.rb:0.063439
spec/views/cases/_clearance_copy_html_slim_spec.rb:2.927926
spec/views/teams/edit_html_slim_spec.rb:1.077179
Run options: include {:focus=>true}

All examples were filtered out; ignoring {:focus=>true}
spec/controllers/assignments_controller/execute_reassign_user_spec.rb:2.297769
spec/controllers/cases_controller/execute_new_link_spec.rb:2.155114
spec/controllers/cases_controller/show_spec.rb:38.20526
spec/controllers/stats_controller/custom_spec.rb:1.230084
spec/controllers/stats_controller/download_custom_report_spec.rb:0.633459
spec/features/admin/cases/adding_cases_spec.rb:24.286032
spec/features/cases/foi/case_approvals/press_office_approvals_spec.rb:17.826732
spec/features/cases/foi/case_extend_for_pit_spec.rb:3.146199
spec/features/cases/foi/case_responding/upload_response_spec.rb:5.980247
spec/features/cases/foi/case_search_spec.rb:4.554889
spec/features/cases/foi/case_viewing/message_notifications_spec.rb:4.868172
spec/features/cases/sar/case_creating/creating_spec.rb:3.30243
spec/features/user_journeys/sar/non_trigger_spec.rb:4.458257
spec/models/case/base_spec.rb:62.430368
spec/models/case/foi/timeliness_review_spec.rb:0.220215
spec/models/case_closure/exemption_spec.rb:0.143248
spec/models/case_closure/info_held_status_spec.rb:0.072857
spec/models/case_number_counter_spec.rb:0.035823
spec/models/user_spec.rb:6.845437
spec/services/bypass_params_manager_spec.rb:0.025211
spec/services/case_assign_responder_service_spec.rb:4.702307
spec/services/current_team_and_user_service_spec.rb:9.583664
spec/services/next_step_info_spec.rb:13.292295
spec/services/response_uploader_service_spec.rb:9.756105
spec/services/stats/base_report_spec.rb:0.013043
spec/services/stats/r006_kilo_map_spec.rb:0.092528
spec/state_machines/configurable_state_machine/config_validator_spec.rb:0.352104
spec/state_machines/foi_permitted_events_spec.rb:9.781704
spec/validators/closed_case_validator_spec.rb:9.219689
spec/views/cases/_case_request_html_slim_spec.rb:0.882447
spec/views/cases/incoming_cases_html_slim_spec.rb:2.824522
spec/views/cases/sar/_case_details_html_slim_spec.rb:1.491296
spec/views/teams/index_html_slim_spec.rb:0.312301
Run options: include {:focus=>true}

All examples were filtered out; ignoring {:focus=>true}
spec/controllers/assignments_controller/assign_to_team_spec.rb:4.338281
spec/controllers/assignments_controller/new_spec.rb:3.810846
spec/controllers/assignments_controller/reassign_user_spec.rb:3.048746
spec/controllers/cases_controller/confirm_destroy_spec.rb:1.390791
spec/controllers/cases_controller/state_filter_spec.rb:0.84873
spec/controllers/teams_controller/destroy_spec.rb:1.909864
spec/features/cases/foi/case_filtering_spec.rb:20.226836
spec/features/cases/foi/case_viewing/viewing_spec.rb:8.488864
spec/features/cases/sar/case_viewing_spec.rb:5.120349
spec/features/cases/sar/sar_closing_spec.rb:9.378257
spec/features/user_journeys/foi/managing_business_unit_spec.rb:1.546085
spec/lib/extensions/enumerable_spec.rb:0.012052
spec/lib/permitted_events_spec.rb:27.943937
spec/models/case_transition_spec.rb:6.19967
spec/models/team_property_spec.rb:0.038238
spec/policies/predicates_spec.rb:0.88876
spec/services/assign_new_team_service_spec.rb:7.389731
spec/services/case_accept_approver_assignment_service_spec.rb:4.628578
spec/services/case_extend_for_pit_service_spec.rb:6.481239
spec/services/case_flag_for_clearance_service_spec.rb:22.01324
spec/services/notify_responder_service_spec.rb:1.751542
spec/services/stats/r003_business_unit_performance_report_spec.rb:9.770852
spec/services/stats/r004_cabinet_office_report_spec.rb:70.521449
spec/services/team_deletion_service_spec.rb:2.424607
spec/state_machines/configurable_state_machine/invalid_event_error_spec.rb:0.191145
spec/state_machines/configurable_state_machine/machine_spec.rb:8.405276
spec/views/assignments/reassign_user_page_spec.rb:0.590255
spec/views/cases/_case_status_html_slim_spec.rb:0.104503
spec/views/cases/new_case_link_html_slim_spec.rb:0.207919
spec/views/cases/show_html_slim_spec.rb:14.712827
spec/views/layouts/_header_html_slim_spec.rb:0.027779
spec/views/stats/index_html_slim_spec.rb:0.055732
spec/views/teams/new_html_slim_spec.rb:0.713584
Run options: include {:focus=>true}

All examples were filtered out; ignoring {:focus=>true}
spec/policies/cases/base_policy_spec.rb:276.485106
Run options: include {:focus=>true}

All examples were filtered out; ignoring {:focus=>true}
spec/controllers/assignments_controller_spec.rb:43.61368
spec/controllers/cases_controller/request_further_clearance_spec.rb:3.033173
spec/controllers/cases_controller/unflag_for_clearance_spec.rb:6.498185
spec/controllers/feedback_controller_spec.rb:0.191115
spec/controllers/heartbeat_controller_spec.rb:0.055349
spec/controllers/stats_controller/index_spec.rb:0.909035
spec/features/admin/business_units_spec.rb:5.499252
spec/features/cases/foi/case_approvals/private_office_approvals_spec.rb:16.911577
spec/features/cases/foi/case_assignment_responding_spec.rb:9.403118
spec/features/cases/foi/case_viewing/downloading_response_spec.rb:4.922789
spec/features/cases/foi/editing_case_spec.rb:4.499127
spec/features/user_journeys/foi/compliance_review_trigger_e2e_spec.rb:40.374796
spec/features/user_journeys/foi/downloading_stats_spec.rb:5.715689
spec/features/user_journeys/foi/state_machines_and_workflows_spec.rb:80.738105
spec/helpers/assignments_helper_spec.rb:2.344837
spec/models/case_attachment_upload_group_collection_spec.rb:1.706983
spec/models/case_closure/refusal_reason_spec.rb:0.035856
spec/models/cases_users_transitions_tracker_spec.rb:3.549858
spec/models/report_type_spec.rb:0.040369
spec/models/team_spec.rb:4.058868
spec/policies/user_policy_spec.rb:0.520632
spec/routing/application_routes_spec.rb:0.693985
spec/services/case_approval_service_spec.rb:14.451294
spec/services/stats/case_selector_spec.rb:6.486277
spec/services/user_creation_service_spec.rb:0.896745
spec/state_machines/cases/foi_state_machine_spec.rb:20.527033
spec/state_machines/configurable_state_machine/manager_spec.rb:0.101689
spec/state_machines/sar_permitted_events_spec.rb:4.323952
spec/views/assignments/new_page_spec.rb:0.65075
spec/views/stats/custom_html_slim_spec.rb:0.037682
spec/views/teams/show_html_slim_spec.rb:2.280159
spec/views/users/new_html_slim_spec.rb:0.216872
=======
spec/controllers/assignments_controller_spec.rb:40.421226
spec/controllers/cases_controller/confirm_destroy_spec.rb:1.275332
spec/decorators/foi_compliance_review_spec.rb:0.243397
spec/decorators/foi_timeliness_review_spec.rb:0.19699
spec/features/admin/deactivating_teams_spec.rb:2.196849
spec/features/cases/foi/case_approvals/private_office_approvals_spec.rb:19.453541
spec/features/cases/foi/case_request_further_clearance_spec.rb:3.665267
spec/features/cases/foi/case_viewing/downloading_response_spec.rb:4.610547
spec/features/cases/foi/link_a_case_spec.rb:5.711962
spec/features/user_journeys/foi/compliance_review_non_trigger_e2e_spec.rb:22.539829
spec/features/user_journeys/foi/compliance_review_trigger_e2e_spec.rb:36.301665
spec/helpers/teams_helper_spec.rb:0.007616
spec/jobs/report_generator_job_spec.rb:0.391664
spec/lib/host_env_spec.rb:0.050021
spec/models/case/foi/compliance_review_spec.rb:0.138501
spec/models/case/sar_spec.rb:3.06576
spec/models/case_attachment_upload_group_spec.rb:1.755144
spec/models/correspondence_type_spec.rb:0.063493
spec/models/report_type_spec.rb:0.039223
spec/models/team_correspondence_type_role_spec.rb:1.251721
spec/policies/assignment_policy_spec.rb:5.065027
spec/policies/case_policy_spec.rb:9.327491
spec/policies/team_policy_spec.rb:3.687566
spec/routing/cases_routes_spec.rb:0.711847
spec/services/bypass_params_manager_spec.rb:0.024204
spec/services/case_approval_service_spec.rb:15.870211
spec/services/deadline_calculator/calendar_days_spec.rb:0.527578
spec/services/stats/case_selector_spec.rb:13.095372
spec/services/stats/r005_monthly_performance_report_spec.rb:6.718665
spec/state_machines/sar_permitted_events_spec.rb:10.212463
spec/views/cases/_case_details_html_slim_spec.rb:4.521708
spec/views/cases/_clearance_copy_html_slim_spec.rb:3.412001
Run options: include {:focus=>true}

All examples were filtered out; ignoring {:focus=>true}
spec/controllers/cases_controller/destroy_case_link_spec.rb:1.863124
spec/controllers/cases_controller/execute_response_approval_spec.rb:4.255105
spec/controllers/cases_controller/request_further_clearance_spec.rb:2.885678
spec/controllers/cases_controller/unflag_for_clearance_spec.rb:8.944767
spec/controllers/cases_controller_spec.rb:80.661905
spec/controllers/stats_controller/download_spec.rb:3.472858
spec/controllers/teams_controller/destroy_spec.rb:1.858143
spec/features/admin/business_units_spec.rb:5.59721
spec/features/admin/cases/adding_cases_spec.rb:17.491299
spec/features/cases/foi/case_approvals/press_office_approvals_spec.rb:16.130013
spec/features/cases/foi/case_assignment_responding_spec.rb:9.4536
spec/features/cases/foi/case_listing/pagination_spec.rb:9.059997
spec/features/cases/foi/case_reassign_user/reassign_user_spec.rb:10.594967
spec/features/user_journeys/foi/downloading_stats_spec.rb:5.272518
spec/helpers/cases_helper_spec.rb:4.665354
spec/jobs/pdf_maker_job_spec.rb:0.025228
spec/lib/events_spec.rb:0.082558
spec/mailers/devise_mailer_spec.rb:0.472984
spec/models/case/foi/timeliness_review_spec.rb:0.208323
spec/models/feedback_spec.rb:0.019654
spec/policies/cases/standard_policy_spec.rb:16.972244
spec/routing/application_routes_spec.rb:0.704641
spec/services/case_deletion_service_spec.rb:2.510923
spec/services/deadline_calculator/business_days_spec.rb:1.143462
spec/services/notify_responder_service_spec.rb:1.896434
spec/state_machines/configurable_state_machine/invalid_event_error_spec.rb:0.247947
spec/views/cases/_clearance_levels_html_slim_spec.rb:5.169629
spec/views/cases/_linked_cases_html_slim_spec.rb:0.105105
spec/views/cases/new_case_link_html_slim_spec.rb:0.275128
spec/views/layouts/_global_nav_html_slim_spec.rb:0.069999
spec/views/teams/new_html_slim_spec.rb:1.090374
spec/views/teams/show_html_slim_spec.rb:6.583177
Run options: include {:focus=>true}

All examples were filtered out; ignoring {:focus=>true}
spec/controllers/assignments_controller/reassign_user_spec.rb:3.420663
spec/controllers/cases_controller/extend_for_pit_spec.rb:1.596995
spec/controllers/messages_controller_spec.rb:12.297777
spec/controllers/stats_controller/custom_spec.rb:1.234208
spec/decorators/case_extend_for_pit_decorator_spec.rb:0.839889
spec/features/cases/foi/case_listing/open_late_cases_spec.rb:16.29745
spec/features/cases/foi/editing_case_spec.rb:4.636116
spec/features/cases/sar/sar_closing_spec.rb:12.794538
spec/features/user_journeys/sar/non_trigger_spec.rb:4.686474
spec/helpers/assignments_helper_spec.rb:2.400059
spec/i18n_spec.rb:115.148285
spec/models/business_group_spec.rb:0.025417
spec/models/case_closure/exemption_spec.rb:0.129244
spec/models/cases_users_transitions_tracker_spec.rb:3.260063
spec/models/report_spec.rb:0.240131
spec/models/team_property_spec.rb:0.044791
spec/policies/predicates_spec.rb:0.876746
spec/policies/user_policy_spec.rb:0.535406
spec/services/case_accept_approver_assignment_service_spec.rb:5.161272
spec/services/case_extend_for_pit_service_spec.rb:7.518061
spec/services/case_linking_service_spec.rb:10.786563
spec/services/case_unflag_for_clearance_service_spec.rb:5.105996
spec/services/default_team_service_spec.rb:2.300542
spec/services/response_uploader_service_spec.rb:10.043132
spec/services/user_reassignment_service_spec.rb:7.278055
spec/state_machines/configurable_state_machine/config_validator_spec.rb:0.271403
spec/views/cases/_case_history_html_slim_spec.rb:0.062394
spec/views/cases/closed_cases_html_slim_spec.rb:1.908104
spec/views/layouts/_header_html_slim_spec.rb:0.032682
Run options: include {:focus=>true}

All examples were filtered out; ignoring {:focus=>true}
spec/controllers/cases_controller/execute_request_amends_spec.rb:6.372862
spec/controllers/cases_controller/new_spec.rb:1.467258
spec/controllers/cases_controller/state_filter_spec.rb:0.731195
spec/controllers/heartbeat_controller_spec.rb:0.062111
spec/controllers/stats_controller/index_spec.rb:0.972961
spec/controllers/teams_controller_spec.rb:17.209255
spec/features/admin/add_information_officer_spec.rb:2.47462
spec/features/cases/foi/case_assigning_spec.rb:5.319508
spec/features/cases/foi/case_closing_spec.rb:34.139535
spec/features/cases/foi/case_responding/mark_as_sent_spec.rb:7.118074
spec/features/cases/foi/case_search_spec.rb:4.040638
spec/features/cases/foi/case_viewing/removing_response_spec.rb:19.5569
spec/features/cases/sar/case_creating/creating_spec.rb:3.573737
spec/features/common/feedback_spec.rb:1.821792
spec/features/common/sign_in_spec.rb:2.828758
spec/features/user_journeys/foi/state_machines_and_workflows_spec.rb:52.830305
spec/features/user_journeys/foi/trigger_e2e_spec.rb:21.80737
spec/integration/state_machine_event_transitions_spec.rb:0.114094
spec/lib/extensions/enumerable_spec.rb:0.008875
spec/lib/feature_set_spec.rb:0.031744
spec/models/case/foi/standard_spec.rb:0.050074
spec/models/case_attachment_spec.rb:5.197753
spec/services/assign_new_team_service_spec.rb:7.770884
spec/services/case_finder_service_spec.rb:10.173275
spec/services/next_step_info_spec.rb:15.334621
spec/services/stats/r003_business_unit_performance_report_spec.rb:11.351399
spec/services/user_deletion_service_spec.rb:3.395145
spec/views/assignments/edit_page_spec.rb:1.296887
spec/views/assignments/show_rejected_page_spec.rb:0.776361
spec/views/cases/new_html_slim_spec.rb:0.220135
spec/views/stats/custom_html_slim_spec.rb:0.072762
spec/views/teams/edit_html_slim_spec.rb:0.900058
spec/views/teams/index_html_slim_spec.rb:0.306671
Run options: include {:focus=>true}

All examples were filtered out; ignoring {:focus=>true}
spec/controllers/admin/cases_controller_spec.rb:0.230249
spec/controllers/assignments_controller/assign_to_team_spec.rb:3.598073
spec/controllers/case_attachments_controller_spec.rb:6.768186
spec/controllers/cases_controller/execute_extend_for_pit_spec.rb:4.519757
spec/controllers/cases_controller/execute_new_link_spec.rb:1.754504
spec/controllers/feedback_controller_spec.rb:0.30585
spec/decorators/case/base_decorator_spec.rb:19.399663
spec/decorators/case/sar_decorator_spec.rb:0.051738
spec/decorators/case_transition_decorator_spec.rb:5.66487
spec/decorators/user_decorator_spec.rb:2.345137
spec/factory_specs/business_unit_factory_spec.rb:0.775142
spec/features/cases/foi/case_creating/creating_spec.rb:10.989669
spec/features/cases/foi/case_filtering_spec.rb:14.665575
spec/features/cases/foi/case_viewing/viewing_spec.rb:7.645516
spec/models/business_unit_spec.rb:10.295697
spec/models/case_closure/outcome_spec.rb:0.054631
spec/models/case_closure/refusal_reason_spec.rb:0.089526
spec/models/case_extensions_spec.rb:3.651093
spec/policies/cases/sar_policy_spec.rb:5.180639
spec/services/case_assign_responder_service_spec.rb:3.940366
spec/services/global_nav_manager_spec.rb:1.169771
spec/services/stats/r004_cabinet_office_report_spec.rb:65.117777
spec/state_machines/cases/foi_state_machine_spec.rb:40.338864
spec/state_machines/configurable_state_machine/manager_spec.rb:0.217517
spec/validators/closed_case_validator_spec.rb:10.730639
spec/views/assignments/new_page_spec.rb:1.740088
spec/views/cases/_case_status_html_slim_spec.rb:0.143495
spec/views/cases/confirm_destroy_html_slim_spec.rb:0.768559
spec/views/cases/incoming_cases_html_slim_spec.rb:2.968412
spec/views/cases/respond_html_slim_spec.rb:0.56197
spec/views/cases/sar/_case_details_html_slim_spec.rb:1.761132
spec/views/cases/show_html_slim_spec.rb:12.769238
Run options: include {:focus=>true}

All examples were filtered out; ignoring {:focus=>true}
spec/controllers/cases_controller/request_amends_spec.rb:4.67957
spec/controllers/cases_controller/show_spec.rb:36.983151
spec/controllers/users_controller_spec.rb:11.724669
spec/decorators/case_link_decorator_spec.rb:0.167051
spec/features/cases/foi/case_extend_for_pit_spec.rb:3.712612
spec/features/cases/foi/case_responding/upload_response_spec.rb:5.979811
spec/features/cases/foi/case_viewing/message_notifications_spec.rb:4.235659
spec/features/cases/foi/case_viewing/viewing_response_details_spec.rb:8.255979
spec/features/cases/sar/case_viewing_spec.rb:4.878207
spec/features/user_journeys/foi/managing_business_unit_spec.rb:1.61235
spec/features/user_journeys/foi/non_trigger_e2e_spec.rb:25.014452
spec/models/assignment_spec.rb:14.022823
spec/models/case/base_spec.rb:60.990425
spec/models/case_attachment_upload_group_collection_spec.rb:1.802361
spec/models/case_closure/info_held_status_spec.rb:0.071425
spec/models/case_number_counter_spec.rb:0.037077
spec/models/case_transition_spec.rb:7.170444
spec/models/teams_users_role_spec.rb:0.176013
spec/services/case_updater_service_spec.rb:4.267415
spec/services/current_team_and_user_service_spec.rb:11.06426
spec/services/global_nav_manager/page_spec.rb:3.814987
spec/services/global_nav_manager/tab_spec.rb:0.012484
spec/services/notify_new_assignment_servcie_spec.rb:0.344357
spec/services/stats/r002_appeals_performance_report_spec.rb:10.862507
spec/services/stats/stats_collector_spec.rb:0.033067
spec/services/user_creation_service_spec.rb:2.13898
spec/state_machines/configurable_state_machine/machine_spec.rb:8.36213
spec/views/assignments/reassign_user_page_spec.rb:0.397703
spec/views/cases/_case_request_html_slim_spec.rb:0.775893
spec/views/cases/_what_do_you_want_to_do_html_slim_spec.rb:1.487599
spec/views/cases/edit_html_slim_spec.rb:0.759837
spec/views/cases/index_html_slim_spec.rb:12.422729
spec/views/cases/sar/_new_html_slim_spec.rb:0.002204
Run options: include {:focus=>true}

All examples were filtered out; ignoring {:focus=>true}
=======
spec/controllers/assignments_controller_spec.rb:39.088226
spec/controllers/cases_controller/confirm_destroy_spec.rb:1.305546
spec/decorators/foi_compliance_review_spec.rb:0.366873
spec/decorators/foi_timeliness_review_spec.rb:0.203924
spec/features/admin/deactivating_teams_spec.rb:2.466266
spec/features/cases/foi/case_approvals/private_office_approvals_spec.rb:19.551255
spec/features/cases/foi/case_request_further_clearance_spec.rb:3.813884
spec/features/cases/foi/case_viewing/downloading_response_spec.rb:4.667615
spec/features/cases/foi/link_a_case_spec.rb:6.242538
spec/features/user_journeys/foi/compliance_review_non_trigger_e2e_spec.rb:24.667494
spec/features/user_journeys/foi/compliance_review_trigger_e2e_spec.rb:38.05989
spec/helpers/teams_helper_spec.rb:0.006768
spec/jobs/report_generator_job_spec.rb:0.421101
spec/lib/host_env_spec.rb:0.052255
spec/models/case/foi/compliance_review_spec.rb:0.148061
spec/models/case/sar_spec.rb:3.360623
spec/models/case_attachment_upload_group_spec.rb:1.816519
spec/models/correspondence_type_spec.rb:0.083585
spec/models/report_type_spec.rb:0.039139
spec/models/team_correspondence_type_role_spec.rb:1.57665
spec/policies/assignment_policy_spec.rb:5.700028
spec/policies/case_policy_spec.rb:10.487186
spec/policies/team_policy_spec.rb:4.17658
spec/routing/cases_routes_spec.rb:0.643022
spec/services/bypass_params_manager_spec.rb:0.024489
spec/services/case_approval_service_spec.rb:16.598313
spec/services/deadline_calculator/calendar_days_spec.rb:0.485557
spec/services/stats/case_selector_spec.rb:13.451949
spec/services/stats/r005_monthly_performance_report_spec.rb:6.280649
spec/state_machines/sar_permitted_events_spec.rb:9.072009
spec/views/cases/_case_details_html_slim_spec.rb:4.00956
spec/views/cases/_clearance_copy_html_slim_spec.rb:3.044635
Run options: include {:focus=>true}

All examples were filtered out; ignoring {:focus=>true}
Run options: include {:focus=>true}

All examples were filtered out; ignoring {:focus=>true}
Run options: include {:focus=>true}

All examples were filtered out; ignoring {:focus=>true}
Run options: include {:focus=>true}

All examples were filtered out; ignoring {:focus=>true}
Run options: include {:focus=>true}

All examples were filtered out; ignoring {:focus=>true}
Run options: include {:focus=>true}

All examples were filtered out; ignoring {:focus=>true}
spec/controllers/cases_controller/extend_for_pit_spec.rb:1.680366
spec/controllers/cases_controller/request_amends_spec.rb:3.352932
spec/controllers/cases_controller/show_spec.rb:28.80392
spec/controllers/cases_controller_spec.rb:64.042954
spec/controllers/messages_controller_spec.rb:9.616353
spec/controllers/stats_controller/custom_spec.rb:0.952517
spec/features/cases/foi/case_assigning_spec.rb:4.909809
spec/features/cases/foi/case_extend_for_pit_spec.rb:1.980599
spec/features/cases/foi/case_responding/upload_response_spec.rb:4.389455
spec/features/cases/foi/case_viewing/removing_response_spec.rb:18.679179
spec/features/cases/sar/case_creating/creating_spec.rb:2.949543
spec/features/common/sign_out_spec.rb:0.688299
spec/features/user_journeys/foi/state_machines_and_workflows_spec.rb:66.752728
spec/helpers/cases_helper_spec.rb:3.730197
spec/helpers/teams_helper_spec.rb:0.005305
spec/integration/state_machine_event_transitions_spec.rb:0.092705
spec/lib/event_transitions_spec.rb:0.152079
spec/lib/feature_set_spec.rb:0.028635
spec/mailers/action_notifications_mailer_spec.rb:9.179388
spec/mailers/devise_mailer_spec.rb:0.080219
spec/models/assignment_spec.rb:9.763489
spec/models/case_attachment_spec.rb:2.183573
spec/models/case_closure/info_held_status_spec.rb:0.03462
spec/models/correspondence_type_spec.rb:0.035104
spec/models/directorate_spec.rb:0.038675
spec/models/teams_users_role_spec.rb:0.072277
spec/policies/case_policy_spec.rb:4.383009
spec/routing/application_routes_spec.rb:0.317691
spec/services/case_deletion_service_spec.rb:0.901731
spec/services/case_extend_for_pit_service_spec.rb:3.058993
spec/services/notify_new_assignment_servcie_spec.rb:0.144204
spec/services/s3_uploader_spec.rb:2.715097
spec/state_machines/sar_permitted_events_spec.rb:3.805702
spec/views/cases/_clearance_levels_html_slim_spec.rb:1.934252
spec/views/cases/closed_cases_html_slim_spec.rb:0.731936
spec/views/cases/incoming_cases_html_slim_spec.rb:1.040829
spec/views/cases/sar/_case_details_html_slim_spec.rb:0.680389
spec/views/teams/edit_html_slim_spec.rb:0.450909
spec/controllers/cases_controller/execute_request_amends_spec.rb:6.197973
spec/controllers/cases_controller/new_spec.rb:1.4782
spec/controllers/cases_controller/state_filter_spec.rb:0.762031
spec/controllers/heartbeat_controller_spec.rb:0.066673
spec/controllers/stats_controller/index_spec.rb:0.959262
spec/controllers/teams_controller_spec.rb:15.76534
spec/features/admin/add_information_officer_spec.rb:2.301803
spec/features/cases/foi/case_assigning_spec.rb:5.106907
spec/features/cases/foi/case_closing_spec.rb:33.236866
spec/features/cases/foi/case_responding/mark_as_sent_spec.rb:7.311854
spec/features/cases/foi/case_search_spec.rb:3.94287
spec/features/cases/foi/case_viewing/removing_response_spec.rb:19.31059
spec/features/cases/sar/case_creating/creating_spec.rb:3.319906
spec/features/common/feedback_spec.rb:1.771317
spec/features/common/sign_in_spec.rb:2.646005
spec/features/user_journeys/foi/state_machines_and_workflows_spec.rb:74.513817
spec/features/user_journeys/foi/trigger_e2e_spec.rb:52.971069
spec/integration/state_machine_event_transitions_spec.rb:0.084902
spec/lib/extensions/enumerable_spec.rb:0.006265
spec/lib/feature_set_spec.rb:0.025195
spec/models/case/foi/standard_spec.rb:0.038395
spec/models/case_attachment_spec.rb:3.321552
spec/services/assign_new_team_service_spec.rb:4.526358
spec/services/case_finder_service_spec.rb:5.492045
spec/services/next_step_info_spec.rb:7.622714
spec/services/stats/r003_business_unit_performance_report_spec.rb:5.997501
spec/services/user_deletion_service_spec.rb:2.145503
spec/views/assignments/edit_page_spec.rb:0.80661
spec/views/assignments/show_rejected_page_spec.rb:0.530484
spec/views/cases/new_html_slim_spec.rb:0.153884
spec/views/stats/custom_html_slim_spec.rb:0.056876
spec/views/teams/edit_html_slim_spec.rb:0.583909
spec/views/teams/index_html_slim_spec.rb:0.235909
Run options: include {:focus=>true}

All examples were filtered out; ignoring {:focus=>true}
spec/policies/cases/base_policy_spec.rb:268.204187
spec/controllers/assignments_controller/execute_reassign_user_spec.rb:2.140768
spec/controllers/assignments_controller/new_spec.rb:4.068011
spec/controllers/cases_controller/destroy_spec.rb:1.280574
spec/controllers/cases_controller/new_link_spec.rb:0.9125
spec/controllers/stats_controller/create_custom_report_spec.rb:3.02829
spec/controllers/stats_controller/download_custom_report_spec.rb:0.666917
spec/features/admin/deactivating_users_spec.rb:2.964626
spec/features/cases/foi/case_approvals/disclosure_specialist_approval_spec.rb:62.231041
spec/features/cases/foi/case_listing/incoming_cases_spec.rb:8.146523
spec/features/cases/foi/case_listing/open_in_time_cases_spec.rb:16.523873
spec/features/cases/sar/case_search_spec.rb:3.989105
spec/features/common/primary_navigation_spec.rb:6.836287
spec/features/common/sign_out_spec.rb:0.843539
spec/lib/event_transitions_spec.rb:0.137588
spec/mailers/action_notifications_mailer_spec.rb:12.211639
spec/models/case/foi_spec.rb:1.095418
spec/models/concerns/case_states_spec.rb:9.83075
spec/models/directorate_spec.rb:0.028141
spec/models/team_spec.rb:3.750622
spec/models/user_spec.rb:6.364958
spec/services/case_create_service_spec.rb:3.690779
spec/services/case_flag_for_clearance_service_spec.rb:21.216698
spec/services/case_unaccept_approver_assignment_service_spec.rb:37.497079
spec/services/request_further_clearance_service_spec.rb:6.519475
spec/services/s3_uploader_spec.rb:7.50381
spec/services/state_selector_spec.rb:0.065757
spec/services/stats/base_report_spec.rb:0.017021
spec/services/stats/r006_kilo_map_spec.rb:0.085157
spec/services/team_deletion_service_spec.rb:2.448322
spec/state_machines/foi_permitted_events_spec.rb:47.004964
spec/views/stats/index_html_slim_spec.rb:0.04064
spec/views/users/index_html_slim_spec.rb:0.190051
spec/views/users/new_html_slim_spec.rb:0.19445
Run options: include {:focus=>true}

All examples were filtered out; ignoring {:focus=>true}
spec/policies/cases/base_policy_spec.rb:277.696067
spec/controllers/assignments_controller/execute_reassign_user_spec.rb:1.833804
spec/controllers/assignments_controller/new_spec.rb:3.217749
spec/controllers/cases_controller/destroy_spec.rb:1.133433
spec/controllers/cases_controller/new_link_spec.rb:0.780103
spec/controllers/stats_controller/create_custom_report_spec.rb:2.900059
spec/controllers/stats_controller/download_custom_report_spec.rb:0.713902
spec/features/admin/deactivating_users_spec.rb:2.94581
spec/features/cases/foi/case_approvals/disclosure_specialist_approval_spec.rb:61.704354
spec/features/cases/foi/case_listing/incoming_cases_spec.rb:9.465443
spec/features/cases/foi/case_listing/open_in_time_cases_spec.rb:18.164214
spec/features/cases/sar/case_search_spec.rb:5.15755
spec/features/common/primary_navigation_spec.rb:8.095937
spec/features/common/sign_out_spec.rb:0.895918
spec/lib/event_transitions_spec.rb:0.162979
spec/mailers/action_notifications_mailer_spec.rb:12.214102
spec/models/case/foi_spec.rb:1.069343
spec/models/concerns/case_states_spec.rb:11.272984
spec/models/directorate_spec.rb:0.026852
spec/models/team_spec.rb:3.894556
spec/models/user_spec.rb:6.926946
spec/services/case_create_service_spec.rb:4.07044
spec/services/case_flag_for_clearance_service_spec.rb:24.021902
spec/services/case_unaccept_approver_assignment_service_spec.rb:35.732536
spec/services/request_further_clearance_service_spec.rb:5.658015
spec/services/s3_uploader_spec.rb:5.25554
spec/services/state_selector_spec.rb:0.017527
spec/services/stats/base_report_spec.rb:0.009455
spec/services/stats/r006_kilo_map_spec.rb:0.059193
spec/services/team_deletion_service_spec.rb:2.024013
spec/state_machines/foi_permitted_events_spec.rb:41.395861
spec/views/stats/index_html_slim_spec.rb:0.04341
spec/views/users/index_html_slim_spec.rb:0.190792
spec/views/users/new_html_slim_spec.rb:0.175004
Run options: include {:focus=>true}

All examples were filtered out; ignoring {:focus=>true}
spec/policies/cases/base_policy_spec.rb:274.494171
Run options: include {:focus=>true}

All examples were filtered out; ignoring {:focus=>true}
spec/controllers/assignments_controller_spec.rb:46.253143
spec/controllers/cases_controller/confirm_destroy_spec.rb:1.79982
spec/decorators/foi_compliance_review_spec.rb:0.51724
spec/decorators/foi_timeliness_review_spec.rb:0.395468
spec/features/admin/deactivating_teams_spec.rb:2.974007
spec/features/cases/foi/case_approvals/private_office_approvals_spec.rb:23.524386
spec/features/cases/foi/case_request_further_clearance_spec.rb:3.62126
spec/features/cases/foi/case_viewing/downloading_response_spec.rb:5.937219
spec/features/cases/foi/link_a_case_spec.rb:7.947113
spec/features/user_journeys/foi/compliance_review_non_trigger_e2e_spec.rb:24.833255
spec/features/user_journeys/foi/compliance_review_trigger_e2e_spec.rb:36.339221
spec/helpers/teams_helper_spec.rb:0.009197
spec/jobs/report_generator_job_spec.rb:0.397841
spec/lib/host_env_spec.rb:0.051244
spec/models/case/foi/compliance_review_spec.rb:0.185369
spec/models/case/sar_spec.rb:2.996938
spec/models/case_attachment_upload_group_spec.rb:1.830612
spec/models/correspondence_type_spec.rb:0.062816
spec/models/report_type_spec.rb:0.047809
spec/models/team_correspondence_type_role_spec.rb:1.247659
spec/policies/assignment_policy_spec.rb:5.080207
spec/policies/case_policy_spec.rb:9.307254
spec/policies/team_policy_spec.rb:3.912093
spec/routing/cases_routes_spec.rb:0.663254
spec/services/bypass_params_manager_spec.rb:0.023223
spec/services/case_approval_service_spec.rb:16.082822
spec/services/deadline_calculator/calendar_days_spec.rb:0.591595
spec/services/stats/case_selector_spec.rb:12.206466
spec/services/stats/r005_monthly_performance_report_spec.rb:5.881603
spec/state_machines/sar_permitted_events_spec.rb:9.271433
spec/views/cases/_case_details_html_slim_spec.rb:3.748146
spec/views/cases/_clearance_copy_html_slim_spec.rb:3.015823
=======
spec/controllers/assignments_controller_spec.rb:41.687811
spec/controllers/cases_controller/confirm_destroy_spec.rb:1.396613
spec/decorators/foi_compliance_review_spec.rb:0.348761
spec/decorators/foi_timeliness_review_spec.rb:0.216668
spec/features/admin/deactivating_teams_spec.rb:2.481403
spec/features/cases/foi/case_approvals/private_office_approvals_spec.rb:20.728325
spec/features/cases/foi/case_request_further_clearance_spec.rb:4.019113
spec/features/cases/foi/case_viewing/downloading_response_spec.rb:4.890301
spec/features/cases/foi/link_a_case_spec.rb:6.500811
spec/features/user_journeys/foi/compliance_review_non_trigger_e2e_spec.rb:22.295102
spec/features/user_journeys/foi/compliance_review_trigger_e2e_spec.rb:36.705569
spec/helpers/teams_helper_spec.rb:0.00753
spec/jobs/report_generator_job_spec.rb:0.381463
spec/lib/host_env_spec.rb:0.069036
spec/models/case/foi/compliance_review_spec.rb:0.168949
spec/models/case/sar_spec.rb:3.141616
spec/models/case_attachment_upload_group_spec.rb:1.760937
spec/models/correspondence_type_spec.rb:0.063443
spec/models/report_type_spec.rb:0.036823
spec/models/team_correspondence_type_role_spec.rb:1.352043
spec/policies/assignment_policy_spec.rb:5.225396
spec/policies/case_policy_spec.rb:8.991211
spec/policies/team_policy_spec.rb:3.518045
spec/routing/cases_routes_spec.rb:0.587757
spec/services/bypass_params_manager_spec.rb:0.031522
spec/services/case_approval_service_spec.rb:16.082758
spec/services/deadline_calculator/calendar_days_spec.rb:0.538691
spec/services/stats/case_selector_spec.rb:12.186364
spec/services/stats/r005_monthly_performance_report_spec.rb:5.814316
spec/state_machines/sar_permitted_events_spec.rb:8.780634
spec/views/cases/_case_details_html_slim_spec.rb:3.876751
spec/views/cases/_clearance_copy_html_slim_spec.rb:2.878577
>>>>>>> CT-1612 adds next step info to config state machine
Run options: include {:focus=>true}

All examples were filtered out; ignoring {:focus=>true}
spec/controllers/cases_controller/destroy_case_link_spec.rb:1.696675
spec/controllers/cases_controller/execute_response_approval_spec.rb:4.075816
spec/controllers/cases_controller/request_further_clearance_spec.rb:2.966878
spec/controllers/cases_controller/unflag_for_clearance_spec.rb:8.815016
spec/controllers/cases_controller_spec.rb:83.561056
spec/controllers/stats_controller/download_spec.rb:3.319766
spec/controllers/teams_controller/destroy_spec.rb:1.660476
spec/features/admin/business_units_spec.rb:5.595682
spec/features/admin/cases/adding_cases_spec.rb:17.6128
spec/features/cases/foi/case_approvals/press_office_approvals_spec.rb:16.991325
spec/features/cases/foi/case_assignment_responding_spec.rb:9.216497
spec/features/cases/foi/case_listing/pagination_spec.rb:8.839478
spec/features/cases/foi/case_reassign_user/reassign_user_spec.rb:10.39539
spec/features/user_journeys/foi/downloading_stats_spec.rb:5.807028
spec/helpers/cases_helper_spec.rb:4.87501
spec/jobs/pdf_maker_job_spec.rb:0.016117
spec/lib/events_spec.rb:0.056037
spec/mailers/devise_mailer_spec.rb:0.599581
spec/models/case/foi/timeliness_review_spec.rb:0.2482
spec/models/feedback_spec.rb:0.02537
spec/policies/cases/standard_policy_spec.rb:14.831116
spec/routing/application_routes_spec.rb:0.687103
spec/services/case_deletion_service_spec.rb:2.125956
spec/services/deadline_calculator/business_days_spec.rb:1.062832
spec/services/notify_responder_service_spec.rb:1.497649
spec/state_machines/configurable_state_machine/invalid_event_error_spec.rb:0.191449
spec/views/cases/_clearance_levels_html_slim_spec.rb:4.19546
spec/views/cases/_linked_cases_html_slim_spec.rb:0.128273
spec/views/cases/new_case_link_html_slim_spec.rb:0.250831
spec/views/layouts/_global_nav_html_slim_spec.rb:0.070326
spec/views/teams/new_html_slim_spec.rb:0.9337
spec/views/teams/show_html_slim_spec.rb:5.266798
Run options: include {:focus=>true}

All examples were filtered out; ignoring {:focus=>true}
spec/controllers/assignments_controller/reassign_user_spec.rb:3.119944
spec/controllers/cases_controller/extend_for_pit_spec.rb:1.811572
spec/controllers/messages_controller_spec.rb:12.454621
spec/controllers/stats_controller/custom_spec.rb:1.26464
spec/decorators/case_extend_for_pit_decorator_spec.rb:0.831217
spec/features/cases/foi/case_listing/open_late_cases_spec.rb:16.807603
spec/features/cases/foi/editing_case_spec.rb:5.105802
spec/features/cases/sar/sar_closing_spec.rb:12.519153
spec/features/user_journeys/sar/non_trigger_spec.rb:4.992857
spec/helpers/assignments_helper_spec.rb:2.544308
spec/i18n_spec.rb:118.965032
spec/models/business_group_spec.rb:0.027815
spec/models/case_closure/exemption_spec.rb:0.140812
spec/models/cases_users_transitions_tracker_spec.rb:3.42488
spec/models/report_spec.rb:0.262736
spec/models/team_property_spec.rb:0.052337
spec/policies/predicates_spec.rb:0.924361
spec/policies/user_policy_spec.rb:0.550441
spec/services/case_accept_approver_assignment_service_spec.rb:4.835673
spec/services/case_extend_for_pit_service_spec.rb:6.923035
spec/services/case_linking_service_spec.rb:9.286035
spec/services/case_unflag_for_clearance_service_spec.rb:4.183238
spec/services/default_team_service_spec.rb:1.775973
spec/services/response_uploader_service_spec.rb:8.261751
spec/services/user_reassignment_service_spec.rb:5.724277
spec/state_machines/configurable_state_machine/config_validator_spec.rb:0.231298
spec/views/cases/_case_history_html_slim_spec.rb:0.052963
spec/views/cases/closed_cases_html_slim_spec.rb:1.326889
spec/views/layouts/_header_html_slim_spec.rb:0.025023
Run options: include {:focus=>true}

All examples were filtered out; ignoring {:focus=>true}
spec/controllers/admin/cases_controller_spec.rb:0.203761
spec/controllers/assignments_controller/assign_to_team_spec.rb:3.297261
spec/controllers/case_attachments_controller_spec.rb:7.036057
spec/controllers/cases_controller/execute_extend_for_pit_spec.rb:4.33568
spec/controllers/cases_controller/execute_new_link_spec.rb:1.762708
spec/controllers/feedback_controller_spec.rb:0.342621
spec/decorators/case/base_decorator_spec.rb:20.248578
spec/decorators/case/sar_decorator_spec.rb:0.059599
spec/decorators/case_transition_decorator_spec.rb:5.909959
spec/decorators/user_decorator_spec.rb:2.478281
spec/factory_specs/business_unit_factory_spec.rb:0.958196
spec/features/cases/foi/case_creating/creating_spec.rb:11.931297
spec/features/cases/foi/case_filtering_spec.rb:15.020356
spec/features/cases/foi/case_viewing/viewing_spec.rb:8.185927
spec/models/business_unit_spec.rb:10.54657
spec/models/case_closure/outcome_spec.rb:0.054549
spec/models/case_closure/refusal_reason_spec.rb:0.071148
spec/models/case_extensions_spec.rb:3.546079
spec/policies/cases/sar_policy_spec.rb:5.070426
spec/services/case_assign_responder_service_spec.rb:4.076517
spec/services/global_nav_manager_spec.rb:1.154201
spec/services/stats/r004_cabinet_office_report_spec.rb:66.392358
spec/state_machines/cases/foi_state_machine_spec.rb:35.441497
spec/state_machines/configurable_state_machine/manager_spec.rb:0.175125
spec/validators/closed_case_validator_spec.rb:9.41562
spec/views/assignments/new_page_spec.rb:1.488249
spec/views/cases/_case_status_html_slim_spec.rb:0.083707
spec/views/cases/confirm_destroy_html_slim_spec.rb:0.622774
spec/views/cases/incoming_cases_html_slim_spec.rb:2.553155
spec/views/cases/respond_html_slim_spec.rb:0.50392
spec/views/cases/sar/_case_details_html_slim_spec.rb:1.447529
spec/views/cases/show_html_slim_spec.rb:10.979268
Run options: include {:focus=>true}

All examples were filtered out; ignoring {:focus=>true}
spec/controllers/cases_controller/request_amends_spec.rb:4.298196
spec/controllers/cases_controller/show_spec.rb:37.514373
spec/controllers/users_controller_spec.rb:12.152261
spec/decorators/case_link_decorator_spec.rb:0.167022
spec/features/cases/foi/case_extend_for_pit_spec.rb:3.831279
spec/features/cases/foi/case_responding/upload_response_spec.rb:6.299112
spec/features/cases/foi/case_viewing/message_notifications_spec.rb:4.360446
spec/features/cases/foi/case_viewing/viewing_response_details_spec.rb:8.595857
spec/features/cases/sar/case_viewing_spec.rb:5.041792
spec/features/user_journeys/foi/managing_business_unit_spec.rb:1.594372
spec/features/user_journeys/foi/non_trigger_e2e_spec.rb:24.463389
spec/models/assignment_spec.rb:13.969813
spec/models/case/base_spec.rb:60.46378
spec/models/case_attachment_upload_group_collection_spec.rb:1.893268
spec/models/case_closure/info_held_status_spec.rb:0.071135
spec/models/case_number_counter_spec.rb:0.038379
spec/models/case_transition_spec.rb:6.489371
spec/models/teams_users_role_spec.rb:0.145682
spec/services/case_updater_service_spec.rb:3.518258
spec/services/current_team_and_user_service_spec.rb:9.4179
spec/services/global_nav_manager/page_spec.rb:3.084831
spec/services/global_nav_manager/tab_spec.rb:0.011164
spec/services/notify_new_assignment_servcie_spec.rb:0.290837
spec/services/stats/r002_appeals_performance_report_spec.rb:9.293578
spec/services/stats/stats_collector_spec.rb:0.031472
spec/services/user_creation_service_spec.rb:1.638712
spec/state_machines/configurable_state_machine/machine_spec.rb:8.404197
spec/views/assignments/reassign_user_page_spec.rb:0.347518
spec/views/cases/_case_request_html_slim_spec.rb:0.657399
spec/views/cases/_what_do_you_want_to_do_html_slim_spec.rb:1.39475
spec/views/cases/edit_html_slim_spec.rb:0.655859
spec/views/cases/index_html_slim_spec.rb:11.334442
spec/views/cases/sar/_new_html_slim_spec.rb:0.001812
Run options: include {:focus=>true}

All examples were filtered out; ignoring {:focus=>true}
spec/controllers/assignments_controller/execute_reassign_user_spec.rb:1.970514
spec/controllers/assignments_controller/new_spec.rb:3.824289
spec/controllers/cases_controller/destroy_spec.rb:1.402755
spec/controllers/cases_controller/new_link_spec.rb:0.933888
spec/controllers/stats_controller/create_custom_report_spec.rb:2.966077
spec/controllers/stats_controller/download_custom_report_spec.rb:0.63092
spec/features/admin/deactivating_users_spec.rb:3.092808
spec/features/cases/foi/case_approvals/disclosure_specialist_approval_spec.rb:64.852148
spec/features/cases/foi/case_listing/incoming_cases_spec.rb:8.209109
spec/features/cases/foi/case_listing/open_in_time_cases_spec.rb:16.542044
spec/features/cases/sar/case_search_spec.rb:3.997757
spec/features/common/primary_navigation_spec.rb:6.929191
spec/features/common/sign_out_spec.rb:0.816828
spec/lib/event_transitions_spec.rb:0.146235
spec/mailers/action_notifications_mailer_spec.rb:12.67977
spec/models/case/foi_spec.rb:1.069251
spec/models/concerns/case_states_spec.rb:9.444461
spec/models/directorate_spec.rb:0.04324
spec/models/team_spec.rb:3.763069
spec/models/user_spec.rb:6.329189
spec/services/case_create_service_spec.rb:3.533166
spec/services/case_flag_for_clearance_service_spec.rb:20.910862
spec/services/case_unaccept_approver_assignment_service_spec.rb:34.016536
spec/services/request_further_clearance_service_spec.rb:5.487918
spec/services/s3_uploader_spec.rb:6.21785
spec/services/state_selector_spec.rb:0.030381
spec/services/stats/base_report_spec.rb:0.012054
spec/services/stats/r006_kilo_map_spec.rb:0.071263
spec/services/team_deletion_service_spec.rb:2.288897
spec/state_machines/foi_permitted_events_spec.rb:42.350067
spec/views/stats/index_html_slim_spec.rb:0.048972
spec/views/users/index_html_slim_spec.rb:0.205495
spec/views/users/new_html_slim_spec.rb:0.195484
Run options: include {:focus=>true}

All examples were filtered out; ignoring {:focus=>true}
spec/policies/cases/base_policy_spec.rb:268.419032
Run options: include {:focus=>true}

All examples were filtered out; ignoring {:focus=>true}
spec/controllers/cases_controller/execute_request_amends_spec.rb:7.045319
spec/controllers/cases_controller/new_spec.rb:1.779318
spec/controllers/cases_controller/state_filter_spec.rb:0.886799
spec/controllers/heartbeat_controller_spec.rb:0.08496
spec/controllers/stats_controller/index_spec.rb:1.05911
spec/controllers/teams_controller_spec.rb:19.544857
spec/features/admin/add_information_officer_spec.rb:2.738341
spec/features/cases/foi/case_assigning_spec.rb:6.199167
spec/features/cases/foi/case_closing_spec.rb:38.452484
spec/features/cases/foi/case_responding/mark_as_sent_spec.rb:9.353189
spec/features/cases/foi/case_search_spec.rb:5.432989
spec/features/cases/foi/case_viewing/removing_response_spec.rb:22.883292
spec/features/cases/sar/case_creating/creating_spec.rb:3.56001
spec/features/common/feedback_spec.rb:1.833941
spec/features/common/sign_in_spec.rb:2.803715
spec/features/user_journeys/foi/state_machines_and_workflows_spec.rb:115.662001
spec/features/user_journeys/foi/trigger_e2e_spec.rb:40.380576
spec/integration/state_machine_event_transitions_spec.rb:0.07038
spec/lib/extensions/enumerable_spec.rb:0.006385
spec/lib/feature_set_spec.rb:0.020304
spec/models/case/foi/standard_spec.rb:0.032021
spec/models/case_attachment_spec.rb:2.64099
spec/services/assign_new_team_service_spec.rb:3.939086
spec/services/case_finder_service_spec.rb:4.520902
spec/services/next_step_info_spec.rb:6.224541
spec/services/stats/r003_business_unit_performance_report_spec.rb:4.766981
spec/services/user_deletion_service_spec.rb:1.663358
spec/views/assignments/edit_page_spec.rb:0.741779
spec/views/assignments/show_rejected_page_spec.rb:0.548647
spec/views/cases/new_html_slim_spec.rb:0.122658
spec/views/stats/custom_html_slim_spec.rb:0.041312
spec/views/teams/edit_html_slim_spec.rb:0.469313
spec/views/teams/index_html_slim_spec.rb:0.170346
spec/controllers/cases_controller/execute_request_amends_spec.rb:5.72845
spec/controllers/cases_controller/new_spec.rb:1.48033
spec/controllers/cases_controller/state_filter_spec.rb:0.756817
spec/controllers/heartbeat_controller_spec.rb:0.054386
spec/controllers/stats_controller/index_spec.rb:0.873064
spec/controllers/teams_controller_spec.rb:17.045992
spec/features/admin/add_information_officer_spec.rb:2.620242
spec/features/cases/foi/case_assigning_spec.rb:5.698643
spec/features/cases/foi/case_closing_spec.rb:35.033907
spec/features/cases/foi/case_responding/mark_as_sent_spec.rb:7.511065
spec/features/cases/foi/case_search_spec.rb:4.531082
spec/features/cases/foi/case_viewing/removing_response_spec.rb:19.247295
spec/features/cases/sar/case_creating/creating_spec.rb:3.385919
spec/features/common/feedback_spec.rb:1.756644
spec/features/common/sign_in_spec.rb:2.685855
spec/features/user_journeys/foi/state_machines_and_workflows_spec.rb:113.464438
spec/features/user_journeys/foi/trigger_e2e_spec.rb:37.861987
spec/integration/state_machine_event_transitions_spec.rb:0.099932
spec/lib/extensions/enumerable_spec.rb:0.005285
spec/lib/feature_set_spec.rb:0.020197
spec/models/case/foi/standard_spec.rb:0.0321
spec/models/case_attachment_spec.rb:2.605064
spec/services/assign_new_team_service_spec.rb:3.795457
spec/services/case_finder_service_spec.rb:4.94166
spec/services/next_step_info_spec.rb:5.587884
spec/services/stats/r003_business_unit_performance_report_spec.rb:5.047605
spec/services/user_deletion_service_spec.rb:1.574703
spec/views/assignments/edit_page_spec.rb:0.670781
spec/views/assignments/show_rejected_page_spec.rb:0.433871
spec/views/cases/new_html_slim_spec.rb:0.129817
spec/views/stats/custom_html_slim_spec.rb:0.042087
spec/views/teams/edit_html_slim_spec.rb:0.520559
spec/views/teams/index_html_slim_spec.rb:0.17093
